Build started 24-Sep-20 10:39:33 AM.
     1>Project "G:\Sd_Project_Final\City Driver\City Driver\City Driver.vcxproj" on node 2 (build target(s)).
     1>InitializeBuildStatus:
         Creating "Debug\City Driver.unsuccessfulbuild" because "AlwaysCreate" was specified.
       ClCompile:
         C:\Program Files (x86)\Microsoft Visual Studio 10.0\VC\bin\CL.exe /c /ZI /nologo /W3 /WX- /Od /Oy- /D _MBCS /Gm /EHsc /RTC1 /MDd /GS /fp:precise /Zc:wchar_t /Zc:forScope /Fo"Debug\\" /Fd"Debug\vc100.pdb" /Gd /TP /analyze- /errorReport:prompt CityDriver.cpp
         CityDriver.cpp
     1>g:\sd_project_final\city driver\city driver\citydriver.cpp(156): warning C4996: 'strcpy': This function or variable may be unsafe. Consider using strcpy_s instead. To disable deprecation, use _CRT_SECURE_NO_WARNINGS. See online help for details.
                 c:\program files (x86)\microsoft visual studio 10.0\vc\include\string.h(105) : see declaration of 'strcpy'
     1>g:\sd_project_final\city driver\city driver\citydriver.cpp(158): warning C4996: 'fopen': This function or variable may be unsafe. Consider using fopen_s instead. To disable deprecation, use _CRT_SECURE_NO_WARNINGS. See online help for details.
                 c:\program files (x86)\microsoft visual studio 10.0\vc\include\stdio.h(234) : see declaration of 'fopen'
     1>g:\sd_project_final\city driver\city driver\citydriver.cpp(170): warning C4996: 'fopen': This function or variable may be unsafe. Consider using fopen_s instead. To disable deprecation, use _CRT_SECURE_NO_WARNINGS. See online help for details.
                 c:\program files (x86)\microsoft visual studio 10.0\vc\include\stdio.h(234) : see declaration of 'fopen'
     1>g:\sd_project_final\city driver\city driver\citydriver.cpp(176): warning C4996: 'fscanf': This function or variable may be unsafe. Consider using fscanf_s instead. To disable deprecation, use _CRT_SECURE_NO_WARNINGS. See online help for details.
                 c:\program files (x86)\microsoft visual studio 10.0\vc\include\stdio.h(253) : see declaration of 'fscanf'
     1>g:\sd_project_final\city driver\city driver\citydriver.cpp(183): warning C4996: 'strcpy': This function or variable may be unsafe. Consider using strcpy_s instead. To disable deprecation, use _CRT_SECURE_NO_WARNINGS. See online help for details.
                 c:\program files (x86)\microsoft visual studio 10.0\vc\include\string.h(105) : see declaration of 'strcpy'
     1>g:\sd_project_final\city driver\city driver\citydriver.cpp(212): warning C4996: 'sprintf': This function or variable may be unsafe. Consider using sprintf_s instead. To disable deprecation, use _CRT_SECURE_NO_WARNINGS. See online help for details.
                 c:\program files (x86)\microsoft visual studio 10.0\vc\include\stdio.h(371) : see declaration of 'sprintf'
       Link:
         C:\Program Files (x86)\Microsoft Visual Studio 10.0\VC\bin\link.exe /ERRORREPORT:PROMPT /OUT:"G:\Sd_Project_Final\City Driver\Debug\City Driver.exe" /NOLOGO kernel32.lib user32.lib gdi32.lib winspool.lib comdlg32.lib advapi32.lib shell32.lib ole32.lib oleaut32.lib uuid.lib odbc32.lib odbccp32.lib /MANIFEST /ManifestFile:"Debug\City Driver.exe.intermediate.manifest" /MANIFESTUAC:"level='asInvoker' uiAccess='false'" /DEBUG /PDB:"G:\Sd_Project_Final\City Driver\Debug\City Driver.pdb" /TLBID:1 /DYNAMICBASE /NXCOMPAT /IMPLIB:"G:\Sd_Project_Final\City Driver\Debug\City Driver.lib" /MACHINE:X86 Debug\CityDriver.obj
         LINK : G:\Sd_Project_Final\City Driver\Debug\City Driver.exe not found or not built by the last incremental link; performing full link
         City Driver.vcxproj -> G:\Sd_Project_Final\City Driver\Debug\City Driver.exe
       Manifest:
         C:\Program Files (x86)\Microsoft SDKs\Windows\v7.0A\bin\mt.exe /nologo /verbose /outputresource:"G:\Sd_Project_Final\City Driver\Debug\City Driver.exe;#1" /manifest "Debug\City Driver.exe.intermediate.manifest"
       FinalizeBuildStatus:
         Deleting file "Debug\City Driver.unsuccessfulbuild".
         Touching "Debug\City Driver.lastbuildstate".
     1>Done Building Project "G:\Sd_Project_Final\City Driver\City Driver\City Driver.vcxproj" (build target(s)).

Build succeeded.

Time Elapsed 00:00:05.06
